  compilation object save succeeded; see D:\CPP Projects\SRV_Graphics_Engine\x64\Debug\deferredOpaquePS.cso
D:\CPP Projects\SRV_Graphics_Engine\SRV_Graphics_Engine\Shaders\Deferred\deferredOpaqueVS.hlsl(30,5-66): warning X3206: implicit truncation of vector type
  
  compilation object save succeeded; see D:\CPP Projects\SRV_Graphics_Engine\x64\Debug\deferredOpaqueVS.cso
  Graphics.cpp
D:\CPP Projects\SRV_Graphics_Engine\SRV_Graphics_Engine\ComponentSystem\Components\Light\ShadowMapCalculator.h(23,75): warning C4305: 'initializing': truncation from 'double' to 'const float'
  (compiling source file 'Graphics/Graphics.cpp')
  
D:\CPP Projects\SRV_Graphics_Engine\SRV_Graphics_Engine\ComponentSystem\Components\Light\ShadowMapCalculator.h(23,81): warning C4305: 'initializing': truncation from 'double' to 'const float'
  (compiling source file 'Graphics/Graphics.cpp')
  
D:\CPP Projects\SRV_Graphics_Engine\SRV_Graphics_Engine\ComponentSystem\Components\Light\ShadowMapCalculator.h(23,86): warning C4305: 'initializing': truncation from 'double' to 'const float'
  (compiling source file 'Graphics/Graphics.cpp')
  
D:\CPP Projects\SRV_Graphics_Engine\SRV_Graphics_Engine\DataTypes\ConstantBufferTypes.h(23,31): warning C4305: 'initializing': truncation from 'double' to 'float'
  (compiling source file 'Graphics/Graphics.cpp')
  
D:\CPP Projects\SRV_Graphics_Engine\SRV_Graphics_Engine\Engine\Asserter.h(20,15): warning C4129: 'F': unrecognized character escape sequence
  (compiling source file 'Graphics/Graphics.cpp')
  
D:\CPP Projects\SRV_Graphics_Engine\SRV_Graphics_Engine\Engine\Asserter.h(21,15): warning C4129: 'L': unrecognized character escape sequence
  (compiling source file 'Graphics/Graphics.cpp')
  
D:\CPP Projects\SRV_Graphics_Engine\SRV_Graphics_Engine\Graphics\Graphics.cpp(112,9): warning C4244: 'return': conversion from 'const int' to 'float', possible loss of data
D:\CPP Projects\SRV_Graphics_Engine\SRV_Graphics_Engine\Graphics\Graphics.cpp(117,9): warning C4244: 'return': conversion from 'const int' to 'float', possible loss of data
D:\CPP Projects\SRV_Graphics_Engine\SRV_Graphics_Engine\Graphics\Graphics.cpp(352,19): warning C4244: '=': conversion from 'int' to 'FLOAT', possible loss of data
D:\CPP Projects\SRV_Graphics_Engine\SRV_Graphics_Engine\Graphics\Graphics.cpp(353,20): warning C4244: '=': conversion from 'int' to 'FLOAT', possible loss of data
  SRV_Graphics_Engine.vcxproj -> D:\CPP Projects\SRV_Graphics_Engine\x64\Debug\SRV_Graphics_Engine.exe
