d:\cpp projects\srv_graphics_engine\x64\debug\pixelshader.cso
d:\cpp projects\srv_graphics_engine\x64\debug\vertexshader.cso
d:\cpp projects\srv_graphics_engine\srv_graphics_engine\x64\debug\adapterreader.obj
d:\cpp projects\srv_graphics_engine\srv_graphics_engine\x64\debug\boxcollisioncomponent2d.obj
d:\cpp projects\srv_graphics_engine\srv_graphics_engine\x64\debug\collisioncomponent.obj
d:\cpp projects\srv_graphics_engine\srv_graphics_engine\x64\debug\delegates.obj
d:\cpp projects\srv_graphics_engine\srv_graphics_engine\x64\debug\engine.obj
d:\cpp projects\srv_graphics_engine\srv_graphics_engine\x64\debug\gameobject.obj
d:\cpp projects\srv_graphics_engine\srv_graphics_engine\x64\debug\graphics.obj
d:\cpp projects\srv_graphics_engine\srv_graphics_engine\x64\debug\graphicsdevice.obj
d:\cpp projects\srv_graphics_engine\srv_graphics_engine\x64\debug\keyboard.obj
d:\cpp projects\srv_graphics_engine\srv_graphics_engine\x64\debug\keyboardinputevent.obj
d:\cpp projects\srv_graphics_engine\srv_graphics_engine\x64\debug\logger.obj
d:\cpp projects\srv_graphics_engine\srv_graphics_engine\x64\debug\main.obj
d:\cpp projects\srv_graphics_engine\srv_graphics_engine\x64\debug\mouse.obj
d:\cpp projects\srv_graphics_engine\srv_graphics_engine\x64\debug\mouseinputevent.obj
d:\cpp projects\srv_graphics_engine\srv_graphics_engine\x64\debug\ponginputcomponent.obj
d:\cpp projects\srv_graphics_engine\srv_graphics_engine\x64\debug\rendercomponent.obj
d:\cpp projects\srv_graphics_engine\srv_graphics_engine\x64\debug\renderwindow.obj
d:\cpp projects\srv_graphics_engine\srv_graphics_engine\x64\debug\shaders.obj
d:\cpp projects\srv_graphics_engine\srv_graphics_engine\x64\debug\shapes2d.obj
d:\cpp projects\srv_graphics_engine\srv_graphics_engine\x64\debug\transformcomponent.obj
d:\cpp projects\srv_graphics_engine\srv_graphics_engine\x64\debug\windowcontainer.obj
d:\cpp projects\srv_graphics_engine\srv_graphics_engine\x64\debug\vc143.idb
d:\cpp projects\srv_graphics_engine\srv_graphics_engine\x64\debug\vc143.pdb
d:\cpp projects\srv_graphics_engine\srv_graphics_engine\x64\debug\srv_grap.ddfae23b.tlog\cl.command.1.tlog
d:\cpp projects\srv_graphics_engine\srv_graphics_engine\x64\debug\srv_grap.ddfae23b.tlog\fxc.command.1.tlog
d:\cpp projects\srv_graphics_engine\srv_graphics_engine\x64\debug\srv_grap.ddfae23b.tlog\fxc.read.1.tlog
d:\cpp projects\srv_graphics_engine\srv_graphics_engine\x64\debug\srv_grap.ddfae23b.tlog\fxc.write.1.tlog
